[0417/183543:ERROR:process_info.cc(608)] range at 0xfed29000, size 0x230 fully unreadable
[0417/183543:ERROR:process_info.cc(608)] range at 0xfed2d000, size 0xf84 fully unreadable
[0417/183543:ERROR:process_info.cc(608)] range at 0xfed28000, size 0xf84 fully unreadable
[0417/183543:ERROR:process_info.cc(608)] range at 0xfed25000, size 0xf84 fully unreadable
[0417/183543:ERROR:process_info.cc(608)] range at 0xfebff000, size 0xf84 fully unreadable
[0417/183543:ERROR:process_info.cc(608)] range at 0xfebfc000, size 0xf84 fully unreadable
[0417/183543:ERROR:process_info.cc(608)] range at 0xfebf9000, size 0xf84 fully unreadable
[0417/183543:ERROR:process_info.cc(608)] range at 0xfebf6000, size 0xf84 fully unreadable
[0417/183543:ERROR:process_info.cc(608)] range at 0xfebf3000, size 0xf84 fully unreadable
[0417/183543:ERROR:process_info.cc(608)] range at 0xfebf0000, size 0xf84 fully unreadable
[0417/183543:ERROR:process_info.cc(608)] range at 0xfebed000, size 0xf84 fully unreadable
[0417/183807:ERROR:process_info.cc(608)] range at 0xff0a9000, size 0x230 fully unreadable
[0417/183807:ERROR:process_info.cc(608)] range at 0xfefca000, size 0x230 fully unreadable
[0417/183807:ERROR:process_info.cc(608)] range at 0xff0ae000, size 0xf84 fully unreadable
[0417/183807:ERROR:process_info.cc(608)] range at 0xff0a8000, size 0xf84 fully unreadable
[0417/183807:ERROR:process_info.cc(608)] range at 0xff0a5000, size 0xf84 fully unreadable
[0417/183807:ERROR:process_info.cc(608)] range at 0xfef7f000, size 0xf84 fully unreadable
[0417/183807:ERROR:process_info.cc(608)] range at 0xfef7c000, size 0xf84 fully unreadable
[0417/183807:ERROR:process_info.cc(608)] range at 0xfef79000, size 0xf84 fully unreadable
[0417/183807:ERROR:process_info.cc(608)] range at 0xfef76000, size 0xf84 fully unreadable
[0417/183807:ERROR:process_info.cc(608)] range at 0xfef73000, size 0xf84 fully unreadable
[0417/183807:ERROR:process_info.cc(608)] range at 0xfef70000, size 0xf84 fully unreadable
[0417/183807:ERROR:process_info.cc(608)] range at 0xfef6d000, size 0xf84 fully unreadable
[0417/183807:ERROR:process_info.cc(608)] range at 0xfef6a000, size 0xf84 fully unreadable
[0417/183807:ERROR:process_reader_win.cc(82)] NtQuerySystemInformation: {Not Enough Quota} Not enough virtual memory or paging file quota is available to complete the specified operation.  (0xc0000017)
[0417/183807:ERROR:exception_snapshot_win.cc(57)] thread ID 4552 not found in process
[0417/183807:WARNING:crash_report_exception_handler.cc(60)] ProcessSnapshotWin::InitializeException failed
[0417/183807:ERROR:process_info.cc(372)] NtQuerySystemInformation SystemExtendedHandleInformation: {Not Enough Quota} Not enough virtual memory or paging file quota is available to complete the specified operation.  (0xc0000017)
[0417/185148:ERROR:process_info.cc(608)] range at 0xfe419000, size 0x230 fully unreadable
[0417/185148:ERROR:process_info.cc(608)] range at 0xfe41f000, size 0xf84 fully unreadable
[0417/185148:ERROR:process_info.cc(608)] range at 0xfe41c000, size 0xf84 fully unreadable
[0417/185148:ERROR:process_info.cc(608)] range at 0xfe415000, size 0xf84 fully unreadable
[0417/185148:ERROR:process_info.cc(608)] range at 0xfe2ef000, size 0xf84 fully unreadable
[0417/185148:ERROR:process_info.cc(608)] range at 0xfe2ec000, size 0xf84 fully unreadable
[0417/185148:ERROR:process_info.cc(608)] range at 0xfe2e3000, size 0xf84 fully unreadable
[0417/185148:ERROR:process_info.cc(608)] range at 0xfe2e0000, size 0xf84 fully unreadable
[0417/185148:ERROR:process_info.cc(608)] range at 0xfe2dd000, size 0xf84 fully unreadable
[0417/185148:ERROR:process_info.cc(608)] range at 0xfe2d4000, size 0xf84 fully unreadable
[0417/185148:ERROR:process_info.cc(608)] range at 0xfe2d1000, size 0xf84 fully unreadable
[0417/185148:ERROR:process_info.cc(608)] range at 0xfe2ce000, size 0xf84 fully unreadable
[0417/185148:ERROR:process_info.cc(608)] range at 0xfe2cb000, size 0xf84 fully unreadable
[0417/185148:ERROR:process_info.cc(608)] range at 0xfe2e9000, size 0xf84 fully unreadable
[0417/185148:ERROR:process_info.cc(608)] range at 0xfe2e6000, size 0xf84 fully unreadable
[0417/190638:ERROR:process_info.cc(608)] range at 0xfeecf000, size 0x230 fully unreadable
[0417/190638:ERROR:process_info.cc(608)] range at 0xfeece000, size 0xf84 fully unreadable
[0417/190638:ERROR:process_info.cc(608)] range at 0xfeec8000, size 0xf84 fully unreadable
[0417/190638:ERROR:process_info.cc(608)] range at 0xfeec5000, size 0xf84 fully unreadable
[0417/190638:ERROR:process_info.cc(608)] range at 0xfed9f000, size 0xf84 fully unreadable
[0417/190638:ERROR:process_info.cc(608)] range at 0xfed9c000, size 0xf84 fully unreadable
[0417/190638:ERROR:process_info.cc(608)] range at 0xfed99000, size 0xf84 fully unreadable
[0417/190638:ERROR:process_info.cc(608)] range at 0xfed96000, size 0xf84 fully unreadable
[0417/190638:ERROR:process_info.cc(608)] range at 0xfed93000, size 0xf84 fully unreadable
[0417/190638:ERROR:process_info.cc(608)] range at 0xfed90000, size 0xf84 fully unreadable
[0417/190638:ERROR:process_info.cc(608)] range at 0xfed8d000, size 0xf84 fully unreadable
[0417/190638:ERROR:process_info.cc(608)] range at 0xfed8a000, size 0xf84 fully unreadable
[0417/190638:ERROR:process_info.cc(608)] range at 0xfed87000, size 0xf84 fully unreadable
[0417/191646:ERROR:process_info.cc(608)] range at 0xfed65000, size 0x230 fully unreadable
[0417/191646:ERROR:process_info.cc(608)] range at 0xfed6f000, size 0xf84 fully unreadable
[0417/191646:ERROR:process_info.cc(608)] range at 0xfed6c000, size 0xf84 fully unreadable
[0417/191646:ERROR:process_info.cc(608)] range at 0xfec3f000, size 0xf84 fully unreadable
[0417/191646:ERROR:process_info.cc(608)] range at 0xfec3c000, size 0xf84 fully unreadable
[0417/191646:ERROR:process_info.cc(608)] range at 0xfec39000, size 0xf84 fully unreadable
[0417/191646:ERROR:process_info.cc(608)] range at 0xfec36000, size 0xf84 fully unreadable
[0417/191646:ERROR:process_info.cc(608)] range at 0xfec33000, size 0xf84 fully unreadable
[0417/191646:ERROR:process_info.cc(608)] range at 0xfec30000, size 0xf84 fully unreadable
[0417/191646:ERROR:process_info.cc(608)] range at 0xfec2d000, size 0xf84 fully unreadable
[0417/191646:ERROR:process_info.cc(608)] range at 0xfec2a000, size 0xf84 fully unreadable
[0417/191646:ERROR:process_info.cc(608)] range at 0xfec27000, size 0xf84 fully unreadable
[0417/191646:ERROR:process_info.cc(608)] range at 0xfec24000, size 0xf84 fully unreadable
[0417/193136:ERROR:process_info.cc(608)] range at 0xff82a000, size 0x230 fully unreadable
[0417/193136:ERROR:process_info.cc(608)] range at 0xff82f000, size 0xf84 fully unreadable
[0417/193136:ERROR:process_info.cc(608)] range at 0xff829000, size 0xf84 fully unreadable
[0417/193136:ERROR:process_info.cc(608)] range at 0xff826000, size 0xf84 fully unreadable
[0417/193136:ERROR:process_info.cc(608)] range at 0xff6ff000, size 0xf84 fully unreadable
[0417/193136:ERROR:process_info.cc(608)] range at 0xff6fc000, size 0xf84 fully unreadable
[0417/193136:ERROR:process_info.cc(608)] range at 0xff6f9000, size 0xf84 fully unreadable
[0417/193136:ERROR:process_info.cc(608)] range at 0xff6f6000, size 0xf84 fully unreadable
[0417/193136:ERROR:process_info.cc(608)] range at 0xff6f3000, size 0xf84 fully unreadable
[0417/193136:ERROR:process_info.cc(608)] range at 0xff6f0000, size 0xf84 fully unreadable
[0417/193136:ERROR:process_info.cc(608)] range at 0xff6ed000, size 0xf84 fully unreadable
[0417/193136:ERROR:process_info.cc(608)] range at 0xff6ea000, size 0xf84 fully unreadable
[0417/193136:ERROR:process_info.cc(608)] range at 0xff6e7000, size 0xf84 fully unreadable
[0417/193136:ERROR:process_info.cc(608)] range at 0xff6e4000, size 0xf84 fully unreadable
[0417/193136:ERROR:process_info.cc(608)] range at 0xff6e1000, size 0xf84 fully unreadable
[0417/193136:ERROR:process_info.cc(608)] range at 0xff6de000, size 0xf84 fully unreadable
[0417/193200:ERROR:process_info.cc(608)] range at 0xfeb2b000, size 0x230 fully unreadable
[0417/193200:ERROR:process_info.cc(608)] range at 0xfeb2f000, size 0xf84 fully unreadable
[0417/193200:ERROR:process_info.cc(608)] range at 0xfeb2a000, size 0xf84 fully unreadable
[0417/193200:ERROR:process_info.cc(608)] range at 0xfeb26000, size 0xf84 fully unreadable
[0417/193200:ERROR:process_info.cc(608)] range at 0xfe9ff000, size 0xf84 fully unreadable
[0417/193200:ERROR:process_info.cc(608)] range at 0xfe9fc000, size 0xf84 fully unreadable
[0417/193200:ERROR:process_info.cc(608)] range at 0xfe9f9000, size 0xf84 fully unreadable
[0417/193200:ERROR:process_info.cc(608)] range at 0xfe9f6000, size 0xf84 fully unreadable
[0417/193200:ERROR:process_info.cc(608)] range at 0xfe9f3000, size 0xf84 fully unreadable
[0417/193200:ERROR:process_info.cc(608)] range at 0xfe9f0000, size 0xf84 fully unreadable
[0417/193200:ERROR:process_info.cc(608)] range at 0xfe9ed000, size 0xf84 fully unreadable
[0417/193200:ERROR:process_info.cc(608)] range at 0xfe9ea000, size 0xf84 fully unreadable
[0417/193200:ERROR:process_info.cc(608)] range at 0xfe9e7000, size 0xf84 fully unreadable
[0417/193200:ERROR:process_info.cc(608)] range at 0xfe9e4000, size 0xf84 fully unreadable
[0417/193200:ERROR:process_info.cc(608)] range at 0xfe9e1000, size 0xf84 fully unreadable
